11:52:05.512 |  get_toc.py  | Line 199 | TRACE ➤ Fetching TOC...
11:52:05.513 |  get_toc.py  | Line 61 | SUCCESS ➤ Using cached TOC HTML
11:52:05.564 |  get_toc.py  | Line 93 | TRACE ➤ Parsing 189 chapter rows...
11:52:05.565 |  get_toc.py  | Line 110 | DEBUG ➤ Row 1:1 text: `Chapter 1 - Another Monday morning`
11:52:05.566 |  get_toc.py  | Line 172 | TRACE ➤ Parsed chapter 1: Another Monday morning
11:52:05.567 |  get_toc.py  | Line 110 | DEBUG ➤ Row 2:1 text: `Chapter 2 - Introduction`
11:52:05.567 |  get_toc.py  | Line 172 | TRACE ➤ Parsed chapter 2: Introduction
11:52:05.567 |  get_toc.py  | Line 110 | DEBUG ➤ Row 3:1 text: `Chapter 3 - The tutorial commences`
11:52:05.568 |  get_toc.py  | Line 172 | TRACE ➤ Parsed chapter 3: The tutorial commences
11:52:05.568 |  get_toc.py  | Line 110 | DEBUG ➤ Row 4:1 text: `Chapter 4 - First battle`
11:52:05.568 |  get_toc.py  | Line 172 | TRACE ➤ Parsed chapter 4: First battle
11:52:05.568 |  get_toc.py  | Line 110 | DEBUG ➤ Row 5:1 text: `Chapter 5 - Big pig`
11:52:05.569 |  get_toc.py  | Line 172 | TRACE ➤ Parsed chapter 5: Big pig
11:52:05.569 |  get_toc.py  | Line 110 | DEBUG ➤ Row 6:1 text: `Chapter 6 - Questioning`
11:52:05.569 |  get_toc.py  | Line 172 | TRACE ➤ Parsed chapter 6: Questioning
11:52:05.569 |  get_toc.py  | Line 110 | DEBUG ➤ Row 7:1 text: `Chapter 7 - Training & rest`
11:52:05.570 |  get_toc.py  | Line 172 | TRACE ➤ Parsed chapter 7: Training & rest
11:52:05.570 |  get_toc.py  | Line 110 | DEBUG ➤ Row 8:1 text: `Chapter 8 - A wonderful night`
11:52:05.570 |  get_toc.py  | Line 172 | TRACE ➤ Parsed chapter 8: A wonderful night
11:52:05.570 |  get_toc.py  | Line 110 | DEBUG ➤ Row 9:1 text: `Keep reading/listening on Amazon's Kindle, Kindle
                                                                    Unlimited and Audible!`
11:52:05.570 |  get_toc.py  | Line 113 | WARNING ➤ Could not parse row 9: Keep reading/listening on Amazon's Kindle, Kindle
                                                                    Unlimited and Audible!
11:52:05.572 |  get_toc.py  | Line 110 | DEBUG ➤ Row 10:1 text: `Webtoon Is Out!`
11:52:05.572 |  get_toc.py  | Line 113 | WARNING ➤ Could not parse row 10: Webtoon Is Out!
11:52:05.573 |  get_toc.py  | Line 110 | DEBUG ➤ Row 11:1 text: `Chapter 986 - A False God & Proactive Measures -
                                                                    START OF BOOK 14`
11:52:05.574 |  get_toc.py  | Line 172 | TRACE ➤ Parsed chapter 986: A False God & Proactive Measures -
11:52:05.574 |  get_toc.py  | Line 110 | DEBUG ➤ Row 12:1 text: `Chapter 987 - Discussing the Future of the Milky Way
                                                                    Galaxy`
11:52:05.574 |  get_toc.py  | Line 172 | TRACE ➤ Parsed chapter 987: Discussing the Future of the Milky Way
11:52:05.574 |  get_toc.py  | Line 110 | DEBUG ➤ Row 13:1 text: `Chapter 988 - The Most Important Question...`
11:52:05.574 |  get_toc.py  | Line 172 | TRACE ➤ Parsed chapter 988: The Most Important Question...
11:52:05.574 |  get_toc.py  | Line 110 | DEBUG ➤ Row 14:1 text: `Chapter 989 - To Lock Down One's Enemy`
11:52:05.575 |  get_toc.py  | Line 172 | TRACE ➤ Parsed chapter 989: To Lock Down One's Enemy
11:52:05.575 |  get_toc.py  | Line 110 | DEBUG ➤ Row 15:1 text: `Chapter 990 - Arrow Crafting: Nightmare Difficulty`
11:52:05.575 |  get_toc.py  | Line 172 | TRACE ➤ Parsed chapter 990: Arrow Crafting: Nightmare Difficulty
11:52:05.575 |  get_toc.py  | Line 110 | DEBUG ➤ Row 16:1 text: `Chapter 991 - An Impetus of Possibilities`
11:52:05.575 |  get_toc.py  | Line 172 | TRACE ➤ Parsed chapter 991: An Impetus of Possibilities
11:52:05.575 |  get_toc.py  | Line 110 | DEBUG ➤ Row 17:1 text: `Chapter 992 - Administrator’s Seal of the Exalted
                                                                    Prima`
11:52:05.576 |  get_toc.py  | Line 172 | TRACE ➤ Parsed chapter 992: Administrator’s Seal of the Exalted
11:52:05.576 |  get_toc.py  | Line 110 | DEBUG ➤ Row 18:1 text: `Chapter 993 - Momentum In All Things`
11:52:05.576 |  get_toc.py  | Line 172 | TRACE ➤ Parsed chapter 993: Momentum In All Things
11:52:05.576 |  get_toc.py  | Line 110 | DEBUG ➤ Row 19:1 text: `Chapter 994 - Exactly What He Wants`
11:52:05.577 |  get_toc.py  | Line 172 | TRACE ➤ Parsed chapter 994: Exactly What He Wants
11:52:05.577 |  get_toc.py  | Line 110 | DEBUG ➤ Row 20:1 text: `Chapter 995 - A Grand Scheme`
11:52:05.577 |  get_toc.py  | Line 172 | TRACE ➤ Parsed chapter 995: A Grand Scheme
11:52:05.577 |  get_toc.py  | Line 110 | DEBUG ➤ Row 21:1 text: `Chapter 996 - Nothing Ever Goes Fully According To
                                                                    Plan`
11:52:05.577 |  get_toc.py  | Line 172 | TRACE ➤ Parsed chapter 996: Nothing Ever Goes Fully According To
11:52:05.577 |  get_toc.py  | Line 110 | DEBUG ➤ Row 22:1 text: `Chapter 997 - Something Stupid (?)`
11:52:05.578 |  get_toc.py  | Line 172 | TRACE ➤ Parsed chapter 997: Something Stupid (?)
11:52:05.578 |  get_toc.py  | Line 110 | DEBUG ➤ Row 23:1 text: `Chapter 998 - Great Minds Think Alike`
11:52:05.578 |  get_toc.py  | Line 172 | TRACE ➤ Parsed chapter 998: Great Minds Think Alike
11:52:05.578 |  get_toc.py  | Line 110 | DEBUG ➤ Row 24:1 text: `Chapter 999 - A Day at the Lodge`
11:52:05.578 |  get_toc.py  | Line 172 | TRACE ➤ Parsed chapter 999: A Day at the Lodge
11:52:05.578 |  get_toc.py  | Line 110 | DEBUG ➤ Row 25:1 text: `Chapter 1000 - Celebration`
11:52:05.579 |  get_toc.py  | Line 172 | TRACE ➤ Parsed chapter 1000: Celebration
11:52:05.579 |  get_toc.py  | Line 110 | DEBUG ➤ Row 26:1 text: `Chapter 1001 - The Magical Conference Call Begins`
11:52:05.579 |  get_toc.py  | Line 172 | TRACE ➤ Parsed chapter 1001: The Magical Conference Call Begins
11:52:05.579 |  get_toc.py  | Line 110 | DEBUG ➤ Row 27:1 text: `Chapter 1002 - A Tale of Half-Truths`
11:52:05.580 |  get_toc.py  | Line 172 | TRACE ➤ Parsed chapter 1002: A Tale of Half-Truths
11:52:05.580 |  get_toc.py  | Line 110 | DEBUG ➤ Row 28:1 text: `Chapter 1003 - A Suspiciously Productive Meeting`
11:52:05.580 |  get_toc.py  | Line 172 | TRACE ➤ Parsed chapter 1003: A Suspiciously Productive Meeting
11:52:05.580 |  get_toc.py  | Line 110 | DEBUG ➤ Row 29:1 text: `Chapter 1004 - A Real Royal Mess`
11:52:05.580 |  get_toc.py  | Line 172 | TRACE ➤ Parsed chapter 1004: A Real Royal Mess
11:52:05.580 |  get_toc.py  | Line 110 | DEBUG ➤ Row 30:1 text: `Chapter 1005 - Countless Considerations`
11:52:05.581 |  get_toc.py  | Line 172 | TRACE ➤ Parsed chapter 1005: Countless Considerations
11:52:05.581 |  get_toc.py  | Line 110 | DEBUG ➤ Row 31:1 text: `Chapter 1006 - Importance of Trust`
11:52:05.581 |  get_toc.py  | Line 172 | TRACE ➤ Parsed chapter 1006: Importance of Trust
11:52:05.581 |  get_toc.py  | Line 110 | DEBUG ➤ Row 32:1 text: `Chapter 1007 - Valhal Alchemy Intermission`
11:52:05.581 |  get_toc.py  | Line 172 | TRACE ➤ Parsed chapter 1007: Valhal Alchemy Intermission
11:52:05.581 |  get_toc.py  | Line 110 | DEBUG ➤ Row 33:1 text: `Chapter 1008 - Extreme Progress...`
11:52:05.582 |  get_toc.py  | Line 172 | TRACE ➤ Parsed chapter 1008: Extreme Progress...
11:52:05.582 |  get_toc.py  | Line 110 | DEBUG ➤ Row 34:1 text: `Chapter 1009 - Dark Clouds Over Primordial-4`
11:52:05.582 |  get_toc.py  | Line 172 | TRACE ➤ Parsed chapter 1009: Dark Clouds Over Primordial-4
11:52:05.582 |  get_toc.py  | Line 110 | DEBUG ➤ Row 35:1 text: `Chapter 1010 - A Proper Greeting`
11:52:05.582 |  get_toc.py  | Line 172 | TRACE ➤ Parsed chapter 1010: A Proper Greeting
11:52:05.582 |  get_toc.py  | Line 110 | DEBUG ➤ Row 36:1 text: `Chapter 1011 - Worst Chosen in History`
11:52:05.583 |  get_toc.py  | Line 172 | TRACE ➤ Parsed chapter 1011: Worst Chosen in History
11:52:05.583 |  get_toc.py  | Line 110 | DEBUG ➤ Row 37:1 text: `Chapter 1012 - Three Theories`
11:52:05.583 |  get_toc.py  | Line 172 | TRACE ➤ Parsed chapter 1012: Three Theories
11:52:05.583 |  get_toc.py  | Line 110 | DEBUG ➤ Row 38:1 text: `Chapter 1013 - The Malefic Viper vs Yip of Yore (1)`
11:52:05.584 |  get_toc.py  | Line 172 | TRACE ➤ Parsed chapter 1013: The Malefic Viper vs Yip of Yore (1)
11:52:05.584 |  get_toc.py  | Line 110 | DEBUG ➤ Row 39:1 text: `Chapter 1014 - The Malefic Viper vs Yip of Yore (2)`
11:52:05.584 |  get_toc.py  | Line 172 | TRACE ➤ Parsed chapter 1014: The Malefic Viper vs Yip of Yore (2)
11:52:05.584 |  get_toc.py  | Line 110 | DEBUG ➤ Row 40:1 text: `Chapter 1015 - The Malefic Viper vs Yip of Yore (3)`
11:52:05.585 |  get_toc.py  | Line 172 | TRACE ➤ Parsed chapter 1015: The Malefic Viper vs Yip of Yore (3)
11:52:05.585 |  get_toc.py  | Line 110 | DEBUG ➤ Row 41:1 text: `Chapter 1016 - The Wall`
11:52:05.585 |  get_toc.py  | Line 172 | TRACE ➤ Parsed chapter 1016: The Wall
11:52:05.585 |  get_toc.py  | Line 110 | DEBUG ➤ Row 42:1 text: `Chapter 1017 - A Proper Reintroduction`
11:52:05.586 |  get_toc.py  | Line 172 | TRACE ➤ Parsed chapter 1017: A Proper Reintroduction
11:52:05.586 |  get_toc.py  | Line 110 | DEBUG ➤ Row 43:1 text: `Chapter 1018 - A Relationship Doomed From The Start`
11:52:05.586 |  get_toc.py  | Line 172 | TRACE ➤ Parsed chapter 1018: A Relationship Doomed From The Start
11:52:05.586 |  get_toc.py  | Line 110 | DEBUG ➤ Row 44:1 text: `Chapter 1019 - Chaos Across the Milky Way`
11:52:05.586 |  get_toc.py  | Line 172 | TRACE ➤ Parsed chapter 1019: Chaos Across the Milky Way
11:52:05.586 |  get_toc.py  | Line 110 | DEBUG ➤ Row 45:1 text: `Chapter 1020 - Gifts From the Heavens`
11:52:05.587 |  get_toc.py  | Line 172 | TRACE ➤ Parsed chapter 1020: Gifts From the Heavens
11:52:05.587 |  get_toc.py  | Line 110 | DEBUG ➤ Row 46:1 text: `Chapter 1021 - A Hot Way Down`
11:52:05.587 |  get_toc.py  | Line 172 | TRACE ➤ Parsed chapter 1021: A Hot Way Down
11:52:05.587 |  get_toc.py  | Line 110 | DEBUG ➤ Row 47:1 text: `Chapter 1022 - Bargain & Choice`
11:52:05.587 |  get_toc.py  | Line 172 | TRACE ➤ Parsed chapter 1022: Bargain & Choice
11:52:05.587 |  get_toc.py  | Line 110 | DEBUG ➤ Row 48:1 text: `Chapter 1023 - Worthy of Being Called Rivals`
11:52:05.588 |  get_toc.py  | Line 172 | TRACE ➤ Parsed chapter 1023: Worthy of Being Called Rivals
11:52:05.588 |  get_toc.py  | Line 110 | DEBUG ➤ Row 49:1 text: `Chapter 1024 - Jake Thayne vs Ell'Hakan (1)`
11:52:05.588 |  get_toc.py  | Line 172 | TRACE ➤ Parsed chapter 1024: Jake Thayne vs Ell'Hakan (1)
11:52:05.588 |  get_toc.py  | Line 110 | DEBUG ➤ Row 50:1 text: `Chapter 1025 - Jake Thayne vs Ell'Hakan (2)`
11:52:05.589 |  get_toc.py  | Line 172 | TRACE ➤ Parsed chapter 1025: Jake Thayne vs Ell'Hakan (2)
11:52:05.589 |  get_toc.py  | Line 110 | DEBUG ➤ Row 51:1 text: `Chapter 1026 - Jake Thayne vs Ell'Hakan (3)`
11:52:05.589 |  get_toc.py  | Line 172 | TRACE ➤ Parsed chapter 1026: Jake Thayne vs Ell'Hakan (3)
11:52:05.589 |  get_toc.py  | Line 110 | DEBUG ➤ Row 52:1 text: `Chapter 1027 - Jake Thayne vs Ell'Hakan (4)`
11:52:05.589 |  get_toc.py  | Line 172 | TRACE ➤ Parsed chapter 1027: Jake Thayne vs Ell'Hakan (4)
11:52:05.589 |  get_toc.py  | Line 110 | DEBUG ➤ Row 53:1 text: `Chapter 1028 - Jake Thayne vs Ell'Hakan (5)`
11:52:05.590 |  get_toc.py  | Line 172 | TRACE ➤ Parsed chapter 1028: Jake Thayne vs Ell'Hakan (5)
11:52:05.590 |  get_toc.py  | Line 110 | DEBUG ➤ Row 54:1 text: `Chapter 1029 - Primal Hunter vs Celestial Child (6)`
11:52:05.590 |  get_toc.py  | Line 172 | TRACE ➤ Parsed chapter 1029: Primal Hunter vs Celestial Child (6)
11:52:05.590 |  get_toc.py  | Line 110 | DEBUG ➤ Row 55:1 text: `Chapter 1030 - Primal Hunter vs Celestial Child (7)`
11:52:05.590 |  get_toc.py  | Line 172 | TRACE ➤ Parsed chapter 1030: Primal Hunter vs Celestial Child (7)
11:52:05.590 |  get_toc.py  | Line 110 | DEBUG ➤ Row 56:1 text: `Chapter 1031 - Primal Hunter vs Celestial Child (8)`
11:52:05.591 |  get_toc.py  | Line 172 | TRACE ➤ Parsed chapter 1031: Primal Hunter vs Celestial Child (8)
11:52:05.591 |  get_toc.py  | Line 110 | DEBUG ➤ Row 57:1 text: `Chapter 1032 - Primal Hunter vs Celestial Child (9)`
11:52:05.591 |  get_toc.py  | Line 172 | TRACE ➤ Parsed chapter 1032: Primal Hunter vs Celestial Child (9)
11:52:05.591 |  get_toc.py  | Line 110 | DEBUG ➤ Row 58:1 text: `Chapter 1033 - Primal Hunter vs Celestial Child (10)`
11:52:05.592 |  get_toc.py  | Line 172 | TRACE ➤ Parsed chapter 1033: Primal Hunter vs Celestial Child (10)
11:52:05.592 |  get_toc.py  | Line 110 | DEBUG ➤ Row 59:1 text: `Chapter 1034 - Scattering Starlight`
11:52:05.592 |  get_toc.py  | Line 172 | TRACE ➤ Parsed chapter 1034: Scattering Starlight
11:52:05.592 |  get_toc.py  | Line 110 | DEBUG ➤ Row 60:1 text: `Chapter 1035 - Primal Hunter vs Augur's Guardian (1)`
11:52:05.592 |  get_toc.py  | Line 172 | TRACE ➤ Parsed chapter 1035: Primal Hunter vs Augur's Guardian (1)
11:52:05.592 |  get_toc.py  | Line 110 | DEBUG ➤ Row 61:1 text: `Chapter 1036 - A Warrior's Return`
11:52:05.593 |  get_toc.py  | Line 172 | TRACE ➤ Parsed chapter 1036: A Warrior's Return
11:52:05.593 |  get_toc.py  | Line 110 | DEBUG ➤ Row 62:1 text: `Chapter 1037 - The War of the Milky Way Galaxy`
11:52:05.593 |  get_toc.py  | Line 172 | TRACE ➤ Parsed chapter 1037: The War of the Milky Way Galaxy
11:52:05.593 |  get_toc.py  | Line 110 | DEBUG ➤ Row 63:1 text: `Chapter 1038 - Doing A Bit of Catch-Up`
11:52:05.593 |  get_toc.py  | Line 172 | TRACE ➤ Parsed chapter 1038: Doing A Bit of Catch-Up
11:52:05.593 |  get_toc.py  | Line 110 | DEBUG ➤ Row 64:1 text: `Chapter 1039 - A Hearty Conversation`
11:52:05.595 |  get_toc.py  | Line 172 | TRACE ➤ Parsed chapter 1039: A Hearty Conversation
11:52:05.595 |  get_toc.py  | Line 110 | DEBUG ➤ Row 65:1 text: `Chapter 1040 - Office Meeting`
11:52:05.595 |  get_toc.py  | Line 172 | TRACE ➤ Parsed chapter 1040: Office Meeting
11:52:05.595 |  get_toc.py  | Line 110 | DEBUG ➤ Row 66:1 text: `Chapter 1041 - Long Overdue`
11:52:05.596 |  get_toc.py  | Line 172 | TRACE ➤ Parsed chapter 1041: Long Overdue
11:52:05.596 |  get_toc.py  | Line 110 | DEBUG ➤ Row 67:1 text: `Chapter 1042 - A Historic City`
11:52:05.596 |  get_toc.py  | Line 172 | TRACE ➤ Parsed chapter 1042: A Historic City
11:52:05.596 |  get_toc.py  | Line 110 | DEBUG ➤ Row 68:1 text: `Chapter 1043 - More Questions Than Answers`
11:52:05.596 |  get_toc.py  | Line 172 | TRACE ➤ Parsed chapter 1043: More Questions Than Answers
11:52:05.596 |  get_toc.py  | Line 110 | DEBUG ➤ Row 69:1 text: `Chapter 1044 - A Journey Down Memory Lane`
11:52:05.597 |  get_toc.py  | Line 172 | TRACE ➤ Parsed chapter 1044: A Journey Down Memory Lane
11:52:05.597 |  get_toc.py  | Line 110 | DEBUG ➤ Row 70:1 text: `Chapter 1045 - To Leave Empty-Handed`
11:52:05.597 |  get_toc.py  | Line 172 | TRACE ➤ Parsed chapter 1045: To Leave Empty-Handed
11:52:05.597 |  get_toc.py  | Line 110 | DEBUG ➤ Row 71:1 text: `Chapter 1046 - A Sagacious Opportunity`
11:52:05.597 |  get_toc.py  | Line 172 | TRACE ➤ Parsed chapter 1046: A Sagacious Opportunity
11:52:05.597 |  get_toc.py  | Line 110 | DEBUG ➤ Row 72:1 text: `Chapter 1047 - One Final Lesson`
11:52:05.598 |  get_toc.py  | Line 172 | TRACE ➤ Parsed chapter 1047: One Final Lesson
11:52:05.598 |  get_toc.py  | Line 110 | DEBUG ➤ Row 73:1 text: `Chapter 1048 - A Harsh Lesson`
11:52:05.598 |  get_toc.py  | Line 172 | TRACE ➤ Parsed chapter 1048: A Harsh Lesson
11:52:05.598 |  get_toc.py  | Line 110 | DEBUG ➤ Row 74:1 text: `Chapter 1049 - Something New`
11:52:05.598 |  get_toc.py  | Line 172 | TRACE ➤ Parsed chapter 1049: Something New
11:52:05.598 |  get_toc.py  | Line 110 | DEBUG ➤ Row 75:1 text: `Chapter 1050 - A Whole New World`
11:52:05.599 |  get_toc.py  | Line 172 | TRACE ➤ Parsed chapter 1050: A Whole New World
11:52:05.599 |  get_toc.py  | Line 110 | DEBUG ➤ Row 76:1 text: `Chapter 1051 - A Final Gift & Taking Status`
11:52:05.599 |  get_toc.py  | Line 172 | TRACE ➤ Parsed chapter 1051: A Final Gift & Taking Status
11:52:05.599 |  get_toc.py  | Line 110 | DEBUG ➤ Row 77:1 text: `Chapter 1052 - Bombshells`
11:52:05.599 |  get_toc.py  | Line 172 | TRACE ➤ Parsed chapter 1052: Bombshells
11:52:05.599 |  get_toc.py  | Line 110 | DEBUG ➤ Row 78:1 text: `Chapter 1053 - Recap Time With Villy`
11:52:05.600 |  get_toc.py  | Line 172 | TRACE ➤ Parsed chapter 1053: Recap Time With Villy
11:52:05.600 |  get_toc.py  | Line 110 | DEBUG ➤ Row 79:1 text: `Chapter 1054 - Bow Quest`
11:52:05.600 |  get_toc.py  | Line 172 | TRACE ➤ Parsed chapter 1054: Bow Quest
11:52:05.600 |  get_toc.py  | Line 110 | DEBUG ➤ Row 80:1 text: `Chapter 1055 - Construction Site Inspection`
11:52:05.601 |  get_toc.py  | Line 172 | TRACE ➤ Parsed chapter 1055: Construction Site Inspection
11:52:05.601 |  get_toc.py  | Line 110 | DEBUG ➤ Row 81:1 text: `Chapter 1056 - Thieves At The Lodge`
11:52:05.601 |  get_toc.py  | Line 172 | TRACE ➤ Parsed chapter 1056: Thieves At The Lodge
11:52:05.601 |  get_toc.py  | Line 110 | DEBUG ➤ Row 82:1 text: `Chapter 1057 - Bow Quest Completed!`
11:52:05.602 |  get_toc.py  | Line 172 | TRACE ➤ Parsed chapter 1057: Bow Quest Completed!
11:52:05.602 |  get_toc.py  | Line 110 | DEBUG ➤ Row 83:1 text: `Chapter 1058 - The "Negotiations" Begins`
11:52:05.602 |  get_toc.py  | Line 172 | TRACE ➤ Parsed chapter 1058: The "Negotiations" Begins
11:52:05.602 |  get_toc.py  | Line 110 | DEBUG ➤ Row 84:1 text: `Chapter 1059 - One Final Gambit`
11:52:05.602 |  get_toc.py  | Line 172 | TRACE ➤ Parsed chapter 1059: One Final Gambit
11:52:05.603 |  get_toc.py  | Line 110 | DEBUG ➤ Row 85:1 text: `Chapter 1060 - Question(s) Of Trust`
11:52:05.603 |  get_toc.py  | Line 172 | TRACE ➤ Parsed chapter 1060: Question(s) Of Trust
11:52:05.603 |  get_toc.py  | Line 110 | DEBUG ➤ Row 86:1 text: `Chapter 1061 - Breakdown In Negotiations`
11:52:05.603 |  get_toc.py  | Line 172 | TRACE ➤ Parsed chapter 1061: Breakdown In Negotiations
11:52:05.603 |  get_toc.py  | Line 110 | DEBUG ➤ Row 87:1 text: `Chapter 1062 - Reluctant Choices`
11:52:05.604 |  get_toc.py  | Line 172 | TRACE ➤ Parsed chapter 1062: Reluctant Choices
11:52:05.604 |  get_toc.py  | Line 110 | DEBUG ➤ Row 88:1 text: `Chapter 1063 - Unwanted Reunion`
11:52:05.604 |  get_toc.py  | Line 172 | TRACE ➤ Parsed chapter 1063: Unwanted Reunion
11:52:05.604 |  get_toc.py  | Line 110 | DEBUG ➤ Row 89:1 text: `Chapter 1064 - Carmen Used Runemaiden! It's Super
                                                                    Effective!`
11:52:05.604 |  get_toc.py  | Line 172 | TRACE ➤ Parsed chapter 1064: Carmen Used Runemaiden! It's Super
11:52:05.604 |  get_toc.py  | Line 110 | DEBUG ➤ Row 90:1 text: `Chapter 1065 - No Mercy`
11:52:05.605 |  get_toc.py  | Line 172 | TRACE ➤ Parsed chapter 1065: No Mercy
11:52:05.605 |  get_toc.py  | Line 110 | DEBUG ➤ Row 91:1 text: `Chapter 1066 - An Unfortunate Child`
11:52:05.605 |  get_toc.py  | Line 172 | TRACE ➤ Parsed chapter 1066: An Unfortunate Child
11:52:05.605 |  get_toc.py  | Line 110 | DEBUG ➤ Row 92:1 text: `Chapter 1067 - Finally All Over`
11:52:05.605 |  get_toc.py  | Line 172 | TRACE ➤ Parsed chapter 1067: Finally All Over
11:52:05.605 |  get_toc.py  | Line 110 | DEBUG ➤ Row 93:1 text: `Chapter 1068 - Only A Few Loose Ends Left`
11:52:05.606 |  get_toc.py  | Line 172 | TRACE ➤ Parsed chapter 1068: Only A Few Loose Ends Left
11:52:05.606 |  get_toc.py  | Line 110 | DEBUG ➤ Row 94:1 text: `Chapter 1069 - Ambitious Plans`
11:52:05.606 |  get_toc.py  | Line 172 | TRACE ➤ Parsed chapter 1069: Ambitious Plans
11:52:05.606 |  get_toc.py  | Line 110 | DEBUG ➤ Row 95:1 text: `Chapter 1070 - Across the 93rd Universe`
11:52:05.606 |  get_toc.py  | Line 172 | TRACE ➤ Parsed chapter 1070: Across the 93rd Universe
11:52:05.606 |  get_toc.py  | Line 110 | DEBUG ➤ Row 96:1 text: `Chapter 1071 - Stark Differences`
11:52:05.607 |  get_toc.py  | Line 172 | TRACE ➤ Parsed chapter 1071: Stark Differences
11:52:05.607 |  get_toc.py  | Line 110 | DEBUG ➤ Row 97:1 text: `Chapter 1072 - Approaching Its End`
11:52:05.607 |  get_toc.py  | Line 172 | TRACE ➤ Parsed chapter 1072: Approaching Its End
11:52:05.607 |  get_toc.py  | Line 110 | DEBUG ➤ Row 98:1 text: `Chapter 1073 - A Careful Balance`
11:52:05.608 |  get_toc.py  | Line 172 | TRACE ➤ Parsed chapter 1073: A Careful Balance
11:52:05.608 |  get_toc.py  | Line 110 | DEBUG ➤ Row 99:1 text: `Chapter 1074 - A Very Dangerous Question`
11:52:05.608 |  get_toc.py  | Line 172 | TRACE ➤ Parsed chapter 1074: A Very Dangerous Question
11:52:05.608 |  get_toc.py  | Line 110 | DEBUG ➤ Row 100:1 text: `Chapter 1075 - Truly Relaxed`
11:52:05.608 |  get_toc.py  | Line 172 | TRACE ➤ Parsed chapter 1075: Truly Relaxed
11:52:05.608 |  get_toc.py  | Line 110 | DEBUG ➤ Row 101:1 text: `Chapter 1076 - Happiness`
11:52:05.609 |  get_toc.py  | Line 172 | TRACE ➤ Parsed chapter 1076: Happiness
11:52:05.609 |  get_toc.py  | Line 110 | DEBUG ➤ Row 102:1 text: `Chapter 1077 - A Wonderful Place`
11:52:05.609 |  get_toc.py  | Line 172 | TRACE ➤ Parsed chapter 1077: A Wonderful Place
11:52:05.609 |  get_toc.py  | Line 110 | DEBUG ➤ Row 103:1 text: `Chapter 1078 - Time To Open Up`
11:52:05.609 |  get_toc.py  | Line 172 | TRACE ➤ Parsed chapter 1078: Time To Open Up
11:52:05.609 |  get_toc.py  | Line 110 | DEBUG ➤ Row 104:1 text: `Chapter 1079 - One Last Meeting`
11:52:05.610 |  get_toc.py  | Line 172 | TRACE ➤ Parsed chapter 1079: One Last Meeting
11:52:05.610 |  get_toc.py  | Line 110 | DEBUG ➤ Row 105:1 text: `Chapter 1080 - Out Of This Universe`
11:52:05.610 |  get_toc.py  | Line 172 | TRACE ➤ Parsed chapter 1080: Out Of This Universe
11:52:05.610 |  get_toc.py  | Line 110 | DEBUG ➤ Row 106:1 text: `Chapter 1081 - Importance of Status`
11:52:05.610 |  get_toc.py  | Line 172 | TRACE ➤ Parsed chapter 1081: Importance of Status
11:52:05.610 |  get_toc.py  | Line 110 | DEBUG ➤ Row 107:1 text: `Chapter 1082 - Impeccable Comedic Timing`
11:52:05.611 |  get_toc.py  | Line 172 | TRACE ➤ Parsed chapter 1082: Impeccable Comedic Timing
11:52:05.611 |  get_toc.py  | Line 110 | DEBUG ➤ Row 108:1 text: `Chapter 1083 - Private Discussions Of Vastly
                                                                    Different Natures`
11:52:05.611 |  get_toc.py  | Line 172 | TRACE ➤ Parsed chapter 1083: Private Discussions Of Vastly
11:52:05.611 |  get_toc.py  | Line 110 | DEBUG ➤ Row 109:1 text: `Chapter 1084 - The Sword Saint's Vampire Adventure`
11:52:05.612 |  get_toc.py  | Line 172 | TRACE ➤ Parsed chapter 1084: The Sword Saint's Vampire Adventure
11:52:05.612 |  get_toc.py  | Line 110 | DEBUG ➤ Row 110:1 text: `Chapter 1085 - A Quality Week`
11:52:05.612 |  get_toc.py  | Line 172 | TRACE ➤ Parsed chapter 1085: A Quality Week
11:52:05.612 |  get_toc.py  | Line 110 | DEBUG ➤ Row 111:1 text: `Chapter 1086 - Old Man Vibes`
11:52:05.612 |  get_toc.py  | Line 172 | TRACE ➤ Parsed chapter 1086: Old Man Vibes
11:52:05.612 |  get_toc.py  | Line 110 | DEBUG ➤ Row 112:1 text: `Chapter 1087 - "...Do we really need to bring that
                                                                    guy?”`
11:52:05.613 |  get_toc.py  | Line 172 | TRACE ➤ Parsed chapter 1087: "...Do we really need to bring that
11:52:05.613 |  get_toc.py  | Line 110 | DEBUG ➤ Row 113:1 text: `Chapter 1088 - A Voyage Through The Stars`
11:52:05.613 |  get_toc.py  | Line 172 | TRACE ➤ Parsed chapter 1088: A Voyage Through The Stars
11:52:05.613 |  get_toc.py  | Line 110 | DEBUG ➤ Row 114:1 text: `Chapter 1089 - The Pantheon Of Life`
11:52:05.613 |  get_toc.py  | Line 172 | TRACE ➤ Parsed chapter 1089: The Pantheon Of Life
11:52:05.613 |  get_toc.py  | Line 110 | DEBUG ➤ Row 115:1 text: `Chapter 1090 - Destination Reached`
11:52:05.614 |  get_toc.py  | Line 172 | TRACE ➤ Parsed chapter 1090: Destination Reached
11:52:05.614 |  get_toc.py  | Line 110 | DEBUG ➤ Row 116:1 text: `Chapter 1091 - Delegation's Arrival`
11:52:05.614 |  get_toc.py  | Line 172 | TRACE ➤ Parsed chapter 1091: Delegation's Arrival
11:52:05.614 |  get_toc.py  | Line 110 | DEBUG ➤ Row 117:1 text: `Chapter 1092 - Leaves`
11:52:05.614 |  get_toc.py  | Line 172 | TRACE ➤ Parsed chapter 1092: Leaves
11:52:05.614 |  get_toc.py  | Line 110 | DEBUG ➤ Row 118:1 text: `Chapter 1093 - Divine Gift Exchange`
11:52:05.615 |  get_toc.py  | Line 172 | TRACE ➤ Parsed chapter 1093: Divine Gift Exchange
11:52:05.615 |  get_toc.py  | Line 110 | DEBUG ➤ Row 119:1 text: `Chapter 1094 - Nervousness`
11:52:05.615 |  get_toc.py  | Line 172 | TRACE ➤ Parsed chapter 1094: Nervousness
11:52:05.615 |  get_toc.py  | Line 110 | DEBUG ➤ Row 120:1 text: `Chapter 1095 - Beauty & Brain`
11:52:05.615 |  get_toc.py  | Line 172 | TRACE ➤ Parsed chapter 1095: Beauty & Brain
11:52:05.615 |  get_toc.py  | Line 110 | DEBUG ➤ Row 121:1 text: `Chapter 1096 - "To be a gag gift, or not a gag gift,
                                                                    that is the question." - A worried Jake`
11:52:05.616 |  get_toc.py  | Line 172 | TRACE ➤ Parsed chapter 1096: "To be a gag gift, or not a gag gift,
11:52:05.616 |  get_toc.py  | Line 110 | DEBUG ➤ Row 122:1 text: `Chapter 1097 - Swords, Vines, & Birds`
11:52:05.616 |  get_toc.py  | Line 172 | TRACE ➤ Parsed chapter 1097: Swords, Vines, & Birds
11:52:05.616 |  get_toc.py  | Line 110 | DEBUG ➤ Row 123:1 text: `Chapter 1098 - Peak Fantasy`
11:52:05.616 |  get_toc.py  | Line 172 | TRACE ➤ Parsed chapter 1098: Peak Fantasy
11:52:05.616 |  get_toc.py  | Line 110 | DEBUG ➤ Row 124:1 text: `Chapter 1099 - Split Up Once More`
11:52:05.617 |  get_toc.py  | Line 172 | TRACE ➤ Parsed chapter 1099: Split Up Once More
11:52:05.617 |  get_toc.py  | Line 110 | DEBUG ➤ Row 125:1 text: `Chapter 1100 - First Archery Lesson`
11:52:05.617 |  get_toc.py  | Line 172 | TRACE ➤ Parsed chapter 1100: First Archery Lesson
11:52:05.617 |  get_toc.py  | Line 110 | DEBUG ➤ Row 126:1 text: `Chapter 1101 - Conceptualizing Concepts`
11:52:05.618 |  get_toc.py  | Line 172 | TRACE ➤ Parsed chapter 1101: Conceptualizing Concepts
11:52:05.618 |  get_toc.py  | Line 110 | DEBUG ➤ Row 127:1 text: `Chapter 1102 - Perception Best Stat`
11:52:05.618 |  get_toc.py  | Line 172 | TRACE ➤ Parsed chapter 1102: Perception Best Stat
11:52:05.618 |  get_toc.py  | Line 110 | DEBUG ➤ Row 128:1 text: `Chapter 1103 - An Intrinsic Relationship`
11:52:05.619 |  get_toc.py  | Line 172 | TRACE ➤ Parsed chapter 1103: An Intrinsic Relationship
11:52:05.619 |  get_toc.py  | Line 110 | DEBUG ➤ Row 129:1 text: `Chapter 1104 - Introduction To The Hunting Grounds`
11:52:05.619 |  get_toc.py  | Line 172 | TRACE ➤ Parsed chapter 1104: Introduction To The Hunting Grounds
11:52:05.619 |  get_toc.py  | Line 110 | DEBUG ➤ Row 130:1 text: `Chapter 1105 - Enemies On All Sides`
11:52:05.620 |  get_toc.py  | Line 172 | TRACE ➤ Parsed chapter 1105: Enemies On All Sides
11:52:05.620 |  get_toc.py  | Line 110 | DEBUG ➤ Row 131:1 text: `Chapter 1106 - Angry Birds`
11:52:05.620 |  get_toc.py  | Line 172 | TRACE ➤ Parsed chapter 1106: Angry Birds
11:52:05.620 |  get_toc.py  | Line 110 | DEBUG ➤ Row 132:1 text: `Chapter 1107 - An Odd Little Encounter`
11:52:05.620 |  get_toc.py  | Line 172 | TRACE ➤ Parsed chapter 1107: An Odd Little Encounter
11:52:05.620 |  get_toc.py  | Line 110 | DEBUG ➤ Row 133:1 text: `Chapter 1108 - SOS`
11:52:05.621 |  get_toc.py  | Line 172 | TRACE ➤ Parsed chapter 1108: SOS
11:52:05.621 |  get_toc.py  | Line 110 | DEBUG ➤ Row 134:1 text: `Chapter 1109 - Misjudgements`
11:52:05.621 |  get_toc.py  | Line 172 | TRACE ➤ Parsed chapter 1109: Misjudgements
11:52:05.621 |  get_toc.py  | Line 110 | DEBUG ➤ Row 135:1 text: `Chapter 1110 - Simivita Chieftain`
11:52:05.621 |  get_toc.py  | Line 172 | TRACE ➤ Parsed chapter 1110: Simivita Chieftain
11:52:05.621 |  get_toc.py  | Line 110 | DEBUG ➤ Row 136:1 text: `Chapter 1111 - Classification Change`
11:52:05.622 |  get_toc.py  | Line 172 | TRACE ➤ Parsed chapter 1111: Classification Change
11:52:05.622 |  get_toc.py  | Line 110 | DEBUG ➤ Row 137:1 text: `Chapter 1112 - Simivita Island: Outer Region`
11:52:05.622 |  get_toc.py  | Line 172 | TRACE ➤ Parsed chapter 1112: Simivita Island: Outer Region
11:52:05.622 |  get_toc.py  | Line 110 | DEBUG ➤ Row 138:1 text: `Chapter 1113 - The Beginning Of A New Multiversal
                                                                    Era`
11:52:05.622 |  get_toc.py  | Line 172 | TRACE ➤ Parsed chapter 1113: The Beginning Of A New Multiversal
11:52:05.622 |  get_toc.py  | Line 110 | DEBUG ➤ Row 139:1 text: `Chapter 1114 - Creeping Death`
11:52:05.623 |  get_toc.py  | Line 172 | TRACE ➤ Parsed chapter 1114: Creeping Death
11:52:05.623 |  get_toc.py  | Line 110 | DEBUG ➤ Row 140:1 text: `Chapter 1115 - Simivita Warlord`
11:52:05.623 |  get_toc.py  | Line 172 | TRACE ➤ Parsed chapter 1115: Simivita Warlord
11:52:05.623 |  get_toc.py  | Line 110 | DEBUG ➤ Row 141:1 text: `Chapter 1116 - Expectations vs. Reality`
11:52:05.624 |  get_toc.py  | Line 172 | TRACE ➤ Parsed chapter 1116: Expectations vs. Reality
11:52:05.624 |  get_toc.py  | Line 110 | DEBUG ➤ Row 142:1 text: `Chapter 1117 - A Storm of Feathers`
11:52:05.624 |  get_toc.py  | Line 172 | TRACE ➤ Parsed chapter 1117: A Storm of Feathers
11:52:05.624 |  get_toc.py  | Line 110 | DEBUG ➤ Row 143:1 text: `Chapter 1118 - Limiting Possibilities`
11:52:05.624 |  get_toc.py  | Line 172 | TRACE ➤ Parsed chapter 1118: Limiting Possibilities
11:52:05.624 |  get_toc.py  | Line 110 | DEBUG ➤ Row 144:1 text: `Chapter 1119 - "Great... just great."`
11:52:05.625 |  get_toc.py  | Line 172 | TRACE ➤ Parsed chapter 1119: "Great... just great."
11:52:05.625 |  get_toc.py  | Line 110 | DEBUG ➤ Row 145:1 text: `Chapter 1120 - Retreat`
11:52:05.625 |  get_toc.py  | Line 172 | TRACE ➤ Parsed chapter 1120: Retreat
11:52:05.625 |  get_toc.py  | Line 110 | DEBUG ➤ Row 146:1 text: `Chapter 1121 - Archery Upgrade Successfully Failed`
11:52:05.625 |  get_toc.py  | Line 172 | TRACE ➤ Parsed chapter 1121: Archery Upgrade Successfully Failed
11:52:05.625 |  get_toc.py  | Line 110 | DEBUG ➤ Row 147:1 text: `Chapter 1122 - Ree-Covered`
11:52:05.626 |  get_toc.py  | Line 172 | TRACE ➤ Parsed chapter 1122: Ree-Covered
11:52:05.626 |  get_toc.py  | Line 110 | DEBUG ➤ Row 148:1 text: `Chapter 1123 - His Lordship, The Draconic Crocolisk`
11:52:05.626 |  get_toc.py  | Line 172 | TRACE ➤ Parsed chapter 1123: His Lordship, The Draconic Crocolisk
11:52:05.626 |  get_toc.py  | Line 110 | DEBUG ➤ Row 149:1 text: `Chapter 1124 - Craters`
11:52:05.626 |  get_toc.py  | Line 172 | TRACE ➤ Parsed chapter 1124: Craters
11:52:05.626 |  get_toc.py  | Line 110 | DEBUG ➤ Row 150:1 text: `Chapter 1125 - Emeraldclaw Prideleader`
11:52:05.627 |  get_toc.py  | Line 172 | TRACE ➤ Parsed chapter 1125: Emeraldclaw Prideleader
11:52:05.627 |  get_toc.py  | Line 110 | DEBUG ➤ Row 151:1 text: `Chapter 1126 - Defensive Measures Of Tree Monsters
                                                                    & How To Counter Them`
11:52:05.627 |  get_toc.py  | Line 172 | TRACE ➤ Parsed chapter 1126: Defensive Measures Of Tree Monsters
11:52:05.627 |  get_toc.py  | Line 110 | DEBUG ➤ Row 152:1 text: `Chapter 1127 - Rain & Smoke`
11:52:05.627 |  get_toc.py  | Line 172 | TRACE ➤ Parsed chapter 1127: Rain & Smoke
11:52:05.627 |  get_toc.py  | Line 110 | DEBUG ➤ Row 153:1 text: `Chapter 1128 - A Diabolical Strategy`
11:52:05.628 |  get_toc.py  | Line 172 | TRACE ➤ Parsed chapter 1128: A Diabolical Strategy
11:52:05.628 |  get_toc.py  | Line 110 | DEBUG ➤ Row 154:1 text: `Chapter 1129 - More Complicated Than First Assumed`
11:52:05.628 |  get_toc.py  | Line 172 | TRACE ➤ Parsed chapter 1129: More Complicated Than First Assumed
11:52:05.628 |  get_toc.py  | Line 110 | DEBUG ➤ Row 155:1 text: `Chapter 1130 - Vault`
11:52:05.628 |  get_toc.py  | Line 172 | TRACE ➤ Parsed chapter 1130: Vault
11:52:05.628 |  get_toc.py  | Line 110 | DEBUG ➤ Row 156:1 text: `Chapter 1131 - Psychological Warfare`
11:52:05.629 |  get_toc.py  | Line 172 | TRACE ➤ Parsed chapter 1131: Psychological Warfare
11:52:05.629 |  get_toc.py  | Line 110 | DEBUG ➤ Row 157:1 text: `Chapter 1132 - "Is this really all you got?"`
11:52:05.629 |  get_toc.py  | Line 172 | TRACE ➤ Parsed chapter 1132: "Is this really all you got?"
11:52:05.629 |  get_toc.py  | Line 110 | DEBUG ➤ Row 158:1 text: `Chapter 1133 - Shadow Realm`
11:52:05.629 |  get_toc.py  | Line 172 | TRACE ➤ Parsed chapter 1133: Shadow Realm
11:52:05.629 |  get_toc.py  | Line 110 | DEBUG ➤ Row 159:1 text: `Chapter 1134 - Umbral Influence`
11:52:05.630 |  get_toc.py  | Line 172 | TRACE ➤ Parsed chapter 1134: Umbral Influence
11:52:05.630 |  get_toc.py  | Line 110 | DEBUG ➤ Row 160:1 text: `Chapter 1135 - Limitations Of The Human Body`
11:52:05.630 |  get_toc.py  | Line 172 | TRACE ➤ Parsed chapter 1135: Limitations Of The Human Body
11:52:05.630 |  get_toc.py  | Line 110 | DEBUG ➤ Row 161:1 text: `Chapter 1136 - Weakness Overcome`
11:52:05.630 |  get_toc.py  | Line 172 | TRACE ➤ Parsed chapter 1136: Weakness Overcome
11:52:05.631 |  get_toc.py  | Line 110 | DEBUG ➤ Row 162:1 text: `Chapter 1137 - Cloak & Katars`
11:52:05.631 |  get_toc.py  | Line 172 | TRACE ➤ Parsed chapter 1137: Cloak & Katars
11:52:05.631 |  get_toc.py  | Line 110 | DEBUG ➤ Row 163:1 text: `Chapter 1138 - Event Horizon`
11:52:05.631 |  get_toc.py  | Line 172 | TRACE ➤ Parsed chapter 1138: Event Horizon
11:52:05.631 |  get_toc.py  | Line 110 | DEBUG ➤ Row 164:1 text: `Chapter 1139 - Friends In High Places`
11:52:05.631 |  get_toc.py  | Line 172 | TRACE ➤ Parsed chapter 1139: Friends In High Places
11:52:05.631 |  get_toc.py  | Line 110 | DEBUG ➤ Row 165:1 text: `Chapter 1140 - Little Fella`
11:52:05.632 |  get_toc.py  | Line 172 | TRACE ➤ Parsed chapter 1140: Little Fella
11:52:05.632 |  get_toc.py  | Line 110 | DEBUG ➤ Row 166:1 text: `Chapter 1141 - Secrets Disclosed`
11:52:05.632 |  get_toc.py  | Line 172 | TRACE ➤ Parsed chapter 1141: Secrets Disclosed
11:52:05.632 |  get_toc.py  | Line 110 | DEBUG ➤ Row 167:1 text: `Chapter 1142 - Girl Scary`
11:52:05.632 |  get_toc.py  | Line 172 | TRACE ➤ Parsed chapter 1142: Girl Scary
11:52:05.632 |  get_toc.py  | Line 110 | DEBUG ➤ Row 168:1 text: `Chapter 1143 - Mask & Bow`
11:52:05.633 |  get_toc.py  | Line 172 | TRACE ➤ Parsed chapter 1143: Mask & Bow
11:52:05.633 |  get_toc.py  | Line 110 | DEBUG ➤ Row 169:1 text: `Chapter 1144 - The Future of the Multiverse`
11:52:05.633 |  get_toc.py  | Line 172 | TRACE ➤ Parsed chapter 1144: The Future of the Multiverse
11:52:05.633 |  get_toc.py  | Line 110 | DEBUG ➤ Row 170:1 text: `Chapter 1145 - Two Small Sprouts`
11:52:05.633 |  get_toc.py  | Line 172 | TRACE ➤ Parsed chapter 1145: Two Small Sprouts
11:52:05.633 |  get_toc.py  | Line 110 | DEBUG ➤ Row 171:1 text: `Chapter 1146 - Expansion Plans`
11:52:05.634 |  get_toc.py  | Line 172 | TRACE ➤ Parsed chapter 1146: Expansion Plans
11:52:05.634 |  get_toc.py  | Line 110 | DEBUG ➤ Row 172:1 text: `Chapter 1147 - A Bloody Hard Time`
11:52:05.634 |  get_toc.py  | Line 172 | TRACE ➤ Parsed chapter 1147: A Bloody Hard Time
11:52:05.634 |  get_toc.py  | Line 110 | DEBUG ➤ Row 173:1 text: `Chapter 1148 - The Power of Blood`
11:52:05.635 |  get_toc.py  | Line 172 | TRACE ➤ Parsed chapter 1148: The Power of Blood
11:52:05.635 |  get_toc.py  | Line 110 | DEBUG ➤ Row 174:1 text: `Chapter 1149 - A Burst of Venom`
11:52:05.635 |  get_toc.py  | Line 172 | TRACE ➤ Parsed chapter 1149: A Burst of Venom
11:52:05.635 |  get_toc.py  | Line 110 | DEBUG ➤ Row 175:1 text: `Chapter 1150 - Return of the King 2: Gold Edition`
11:52:05.636 |  get_toc.py  | Line 172 | TRACE ➤ Parsed chapter 1150: Return of the King 2: Gold Edition
11:52:05.636 |  get_toc.py  | Line 110 | DEBUG ➤ Row 176:1 text: `Chapter 1151 - A Life of Two Masks`
11:52:05.636 |  get_toc.py  | Line 172 | TRACE ➤ Parsed chapter 1151: A Life of Two Masks
11:52:05.636 |  get_toc.py  | Line 110 | DEBUG ➤ Row 177:1 text: `Chapter 1152 - Nevermore Party Party Invites`
11:52:05.636 |  get_toc.py  | Line 172 | TRACE ➤ Parsed chapter 1152: Nevermore Party Party Invites
11:52:05.636 |  get_toc.py  | Line 110 | DEBUG ➤ Row 178:1 text: `Chapter 1153 - A Quite Unique Party`
11:52:05.637 |  get_toc.py  | Line 172 | TRACE ➤ Parsed chapter 1153: A Quite Unique Party
11:52:05.637 |  get_toc.py  | Line 110 | DEBUG ➤ Row 179:1 text: `Chapter 1154 - A Proper Reunion Party`
11:52:05.637 |  get_toc.py  | Line 172 | TRACE ➤ Parsed chapter 1154: A Proper Reunion Party
11:52:05.637 |  get_toc.py  | Line 110 | DEBUG ➤ Row 180:1 text: `Chapter 1155 - New Attack & Two Matters To
                                                                    Address`
11:52:05.638 |  get_toc.py  | Line 172 | TRACE ➤ Parsed chapter 1155: New Attack & Two Matters To
11:52:05.638 |  get_toc.py  | Line 110 | DEBUG ➤ Row 181:1 text: `Chapter 1156 - Actually Pretty Decent`
11:52:05.638 |  get_toc.py  | Line 172 | TRACE ➤ Parsed chapter 1156: Actually Pretty Decent
11:52:05.638 |  get_toc.py  | Line 110 | DEBUG ➤ Row 182:1 text: `Chapter 1157 - Innate Advantages`
11:52:05.638 |  get_toc.py  | Line 172 | TRACE ➤ Parsed chapter 1157: Innate Advantages
11:52:05.638 |  get_toc.py  | Line 110 | DEBUG ➤ Row 183:1 text: `Chapter 1158 - A Day In Holstred's Life Full of
                                                                    Surprises`
11:52:05.639 |  get_toc.py  | Line 172 | TRACE ➤ Parsed chapter 1158: A Day In Holstred's Life Full of
11:52:05.639 |  get_toc.py  | Line 110 | DEBUG ➤ Row 184:1 text: `Chapter 1159 - Beneath the Dark Heavens`
11:52:05.639 |  get_toc.py  | Line 172 | TRACE ➤ Parsed chapter 1159: Beneath the Dark Heavens
11:52:05.639 |  get_toc.py  | Line 110 | DEBUG ➤ Row 185:1 text: `Chapter 1160 - Perplexing Plots Across the Milky Way`
11:52:05.639 |  get_toc.py  | Line 172 | TRACE ➤ Parsed chapter 1160: Perplexing Plots Across the Milky Way
11:52:05.639 |  get_toc.py  | Line 110 | DEBUG ➤ Row 186:1 text: `Chapter 1161 - Laying Much Groundwork`
11:52:05.640 |  get_toc.py  | Line 172 | TRACE ➤ Parsed chapter 1161: Laying Much Groundwork
11:52:05.640 |  get_toc.py  | Line 110 | DEBUG ➤ Row 187:1 text: `Chapter 1162 - Change`
11:52:05.640 |  get_toc.py  | Line 172 | TRACE ➤ Parsed chapter 1162: Change
11:52:05.640 |  get_toc.py  | Line 110 | DEBUG ➤ Row 188:1 text: `Chapter 1163 - Royal Decree`
11:52:05.640 |  get_toc.py  | Line 172 | TRACE ➤ Parsed chapter 1163: Royal Decree
11:52:05.640 |  get_toc.py  | Line 110 | DEBUG ➤ Row 189:1 text: `Chapter 1164 - Relationship`
11:52:05.641 |  get_toc.py  | Line 172 | TRACE ➤ Parsed chapter 1164: Relationship
11:52:05.641 |  get_toc.py  | Line 202 | TRACE ➤ Parsed 187 chapters total
11:52:05.641 |  get_toc.py  | Line 204 | TRACE ➤ Filtered 179 chapters > 985
11:52:05.642 |  get_toc.py  | Line 208 | SUCCESS ➤ Saved 179 chapters to static/json/toc.json
